<?xml version="1.0" encoding="UTF-8"?>
<!-- Generated by org.testng.reporters.JUnitReportReporter -->
<testsuite hostname="WKWZTivlW1t3J9l" failures="0" tests="3" name="testNG.TestngPractices" time="0.012" errors="0" timestamp="2023-09-06T12:37:02 IST" skipped="0">
  <testcase classname="testNG.TestngPractices" name="createCustomer" time="0.010"/>
  <system-out/>
  <testcase classname="testNG.TestngPractices" name="deleteCustomer" time="0.002"/>
  <system-out/>
  <testcase classname="testNG.TestngPractices" name="modifyCustomer" time="0.000"/>
  <system-out/>
</testsuite> <!-- testNG.TestngPractices -->
